
=== Thu Jul  2 18:44:31 2020

Packages were changed.
Update Mode: mergeDefaultDependencies

The following packages were added:
  com.unity.package-manager-ui@2.2.0
  com.unity.ext.nunit@1.0.0
  com.unity.test-framework@1.0.13
  com.unity.ide.vscode@1.1.0
  com.unity.ide.rider@1.1.0
  com.unity.ugui@1.0.0
  com.unity.modules.androidjni@1.0.0
The following packages were updated:
  com.unity.collab-proxy from version 1.2.9 to 1.2.16
  com.unity.textmeshpro from version 2.0.0 to 2.0.1
  com.unity.timeline from version 0.0.0-builtin to 1.1.0

=== Tue Jul  7 12:13:34 2020

Packages were changed.
Update Mode: updateDependencies

The following packages were updated:
  com.unity.ide.rider from version 1.1.0 to 1.1.4
  com.unity.ide.vscode from version 1.1.0 to 1.2.0
  com.unity.test-framework from version 1.0.13 to 1.1.14
  com.unity.timeline from version 1.1.0 to 1.2.6
The following packages were removed:
  com.unity.package-manager-ui@2.2.0

=== Tue Jul  7 16:53:02 2020

Packages were changed.
Update Mode: mergeDefaultDependencies

The following packages were added:
  com.unity.2d.sprite@1.0.0
  com.unity.2d.tilemap@1.0.0
  com.unity.cinemachine@2.3.5-preview.2
  com.unity.recorder@2.0.2-preview.2
  com.unity.visualeffectgraph@7.1.8
The following packages were updated:
  com.unity.timeline from version 1.2.6 to 1.2.10

=== Fri Jul 10 14:05:55 2020

Packages were changed.
Update Mode: resetToDefaultDependencies

The following packages were updated:
  com.unity.ide.vscode from version 1.2.1 to 1.2.0
  com.unity.timeline from version 1.2.15 to 1.2.14
The following packages were removed:
  com.unity.2d.sprite@1.0.0
  com.unity.2d.tilemap@1.0.0
  com.unity.cinemachine@2.6.0
  com.unity.ext.nunit@1.0.0
  com.unity.postprocessing@2.3.0
  com.unity.quicksearch@2.0.2
  com.unity.recorder@2.2.0-preview.4
  com.unity.render-pipelines.high-definition@7.4.1
  com.unity.render-pipelines.high-definition-config@7.4.1
  com.unity.visualeffectgraph@7.4.1
